src/mobile_app/app/build/intermediates/manifest_merge_blame_file/debug/manifest-merger-blame-debug-report.txt
1<?xml version="1.0" encoding="utf-8"?>
2<manifest xmlns:android="http://schemas.android.com/apk/res/android"
3    package="com.example.touchonscreen"
4    android:versionCode="1"
5    android:versionName="1.0" >
6
7    <uses-sdk
8        android:minSdkVersion="21"
8-->src/main/AndroidManifest.xml
9        android:targetSdkVersion="28" />
9-->src/main/AndroidManifest.xml
10
11    <uses-permission android:name="android.permission.INTERNET" />
11-->src/main/AndroidManifest.xml:5:5-67
11-->src/main/AndroidManifest.xml:5:22-64
12    <uses-permission android:name="android.permission.ACCESS_WIFI_STATE" />
12-->src/main/AndroidManifest.xml:6:5-76
12-->src/main/AndroidManifest.xml:6:22-73
13    <uses-permission android:name="android.permission.WRITE_EXTERNAL_STORAGE" />
13-->src/main/AndroidManifest.xml:7:5-81
13-->src/main/AndroidManifest.xml:7:22-78
14    <uses-permission android:name="android.permission.READ_EXTERNAL_STORAGE" />
14-->src/main/AndroidManifest.xml:8:5-80
14-->src/main/AndroidManifest.xml:8:22-77
15    <uses-permission android:name="android.permission.CHANGE_WIFI_STATE" />
15-->src/main/AndroidManifest.xml:9:5-76
15-->src/main/AndroidManifest.xml:9:22-73
16    <uses-permission android:name="android.permission.READ_PHONE_STATE" />
16-->src/main/AndroidManifest.xml:10:5-75
16-->src/main/AndroidManifest.xml:10:22-72
17    <uses-permission android:name="android.permission.READ_CONTACTS" />
17-->src/main/AndroidManifest.xml:11:5-72
17-->src/main/AndroidManifest.xml:11:22-69
18
19    <application
19-->src/main/AndroidManifest.xml:13:5-35:19
20        android:allowBackup="true"
20-->src/main/AndroidManifest.xml:15:9-35
21        android:appComponentFactory="androidx.core.app.CoreComponentFactory"
21-->[androidx.core:core:1.1.0] AndroidManifest.xml:24:18-86
22        android:debuggable="true"
23        android:icon="@mipmap/ic_launcher"
23-->src/main/AndroidManifest.xml:16:9-43
24        android:label="@string/app_name"
24-->src/main/AndroidManifest.xml:17:9-41
25        android:roundIcon="@mipmap/ic_launcher_round"
25-->src/main/AndroidManifest.xml:18:9-54
26        android:supportsRtl="true"
26-->src/main/AndroidManifest.xml:19:9-35
27        android:testOnly="true"
28        android:theme="@style/AppTheme" >
28-->src/main/AndroidManifest.xml:20:9-40
29        <activity android:name="com.example.touchonscreen.KyuhanActivity" />
29-->src/main/AndroidManifest.xml:21:9-51
29-->src/main/AndroidManifest.xml:21:19-49
30        <activity android:name="com.example.touchonscreen.MainActivity" />
30-->src/main/AndroidManifest.xml:22:9-50
30-->src/main/AndroidManifest.xml:22:19-47
31        <activity
31-->src/main/AndroidManifest.xml:23:9-33:20
32            android:name="com.example.touchonscreen.LoadingActivity"
32-->src/main/AndroidManifest.xml:24:13-44
33            android:screenOrientation="fullSensor"
33-->src/main/AndroidManifest.xml:25:13-51
34            android:theme="@style/LoadingTheme" >
34-->src/main/AndroidManifest.xml:26:13-48
35            <intent-filter>
35-->src/main/AndroidManifest.xml:27:13-31:29
36                <action android:name="android.intent.action.MAIN" />
36-->src/main/AndroidManifest.xml:28:17-69
36-->src/main/AndroidManifest.xml:28:25-66
37
38                <category android:name="android.intent.category.LAUNCHER" />
38-->src/main/AndroidManifest.xml:30:17-77
38-->src/main/AndroidManifest.xml:30:27-74
39            </intent-filter>
40        </activity>
41    </application>
42
43</manifest>